<?xml version="1.0" encoding="UTF-8"?>
<testng-results ignored="0" total="1" passed="1" failed="0" skipped="0">
  <reporter-output>
  </reporter-output>
  <suite started-at="2022-04-24T11:34:19 IST" name="InetBankingV1" finished-at="2022-04-24T11:36:00 IST" duration-ms="100980">
    <groups>
    </groups>
    <test started-at="2022-04-24T11:34:19 IST" name="InetBankingV1" finished-at="2022-04-24T11:36:00 IST" duration-ms="100980">
      <class name="com.inetBanking.testCases.TC_HomePageTest_001">
        <test-method is-config="true" signature="setup(java.lang.String)[pri:0, instance:com.inetBanking.testCases.TC_HomePageTest_001@e15b7e8]" started-at="2022-04-24T11:34:19 IST" name="setup" finished-at="2022-04-24T11:34:35 IST" duration-ms="15780" status="PASS">
          <params>
            <param index="0">
              <value>
                <![CDATA[chrome]]>
              </value>
            </param>
          </params>
          <reporter-output>
          </reporter-output>
        </test-method> <!-- setup -->
        <test-method signature="newCustomer()[pri:0, instance:com.inetBanking.testCases.TC_HomePageTest_001@e15b7e8]" started-at="2022-04-24T11:34:35 IST" name="newCustomer" finished-at="2022-04-24T11:35:59 IST" duration-ms="84368" status="PASS">
          <reporter-output>
          </reporter-output>
        </test-method> <!-- newCustomer -->
        <test-method is-config="true" signature="teardown()[pri:0, instance:com.inetBanking.testCases.TC_HomePageTest_001@e15b7e8]" started-at="2022-04-24T11:35:59 IST" name="teardown" finished-at="2022-04-24T11:36:00 IST" duration-ms="463" status="PASS">
          <reporter-output>
          </reporter-output>
        </test-method> <!-- teardown -->
      </class> <!-- com.inetBanking.testCases.TC_HomePageTest_001 -->
    </test> <!-- InetBankingV1 -->
  </suite> <!-- InetBankingV1 -->
</testng-results>
