<?xml version="1.0" encoding="UTF-8"?>
<testng-results ignored="0" total="1" passed="1" failed="0" skipped="0">
  <reporter-output>
  </reporter-output>
  <suite started-at="2022-04-20T23:04:01 IST" name="InetBankingV1" finished-at="2022-04-20T23:05:38 IST" duration-ms="97364">
    <groups>
    </groups>
    <test started-at="2022-04-20T23:04:01 IST" name="InetBankingV1" finished-at="2022-04-20T23:05:38 IST" duration-ms="97364">
      <class name="com.inetBanking.testCases.TC_HomePageTest_001">
        <test-method is-config="true" signature="setup(java.lang.String)[pri:0, instance:com.inetBanking.testCases.TC_HomePageTest_001@7bab3f1a]" started-at="2022-04-20T23:04:01 IST" name="setup" finished-at="2022-04-20T23:04:16 IST" duration-ms="14882" status="PASS">
          <params>
            <param index="0">
              <value>
                <![CDATA[chrome]]>
              </value>
            </param>
          </params>
          <reporter-output>
          </reporter-output>
        </test-method> <!-- setup -->
        <test-method signature="newCustomer()[pri:0, instance:com.inetBanking.testCases.TC_HomePageTest_001@7bab3f1a]" started-at="2022-04-20T23:04:16 IST" name="newCustomer" finished-at="2022-04-20T23:05:38 IST" duration-ms="81575" status="PASS">
          <reporter-output>
          </reporter-output>
        </test-method> <!-- newCustomer -->
        <test-method is-config="true" signature="teardown()[pri:0, instance:com.inetBanking.testCases.TC_HomePageTest_001@7bab3f1a]" started-at="2022-04-20T23:05:38 IST" name="teardown" finished-at="2022-04-20T23:05:38 IST" duration-ms="483" status="PASS">
          <reporter-output>
          </reporter-output>
        </test-method> <!-- teardown -->
      </class> <!-- com.inetBanking.testCases.TC_HomePageTest_001 -->
    </test> <!-- InetBankingV1 -->
  </suite> <!-- InetBankingV1 -->
</testng-results>
